10.201000000000001 0.000000000000000
9.998900000000001 0.000000000000000
9.998900000000001 -0.099100000000000
10.201000000000001 -0.099100000000000
10.201000000000001 0.000000000000000

10.200500000000000 -0.097600000000000
9.997500000000000 -0.097600000000000
9.997500000000000 -0.197600000000000
10.200500000000000 -0.197600000000000
10.200500000000000 -0.097600000000000

10.199999999999999 -0.195200000000000
9.994999999999999 -0.195200000000000
9.994999999999999 -0.296200000000000
10.199999999999999 -0.296200000000000
10.199999999999999 -0.195200000000000

10.198499999999999 -0.292800000000000
9.991500000000000 -0.292800000000000
9.991500000000000 -0.394800000000000
10.198499999999999 -0.394800000000000
10.198499999999999 -0.292800000000000

10.196099999999999 -0.390400000000000
9.987100000000000 -0.390400000000000
9.987100000000000 -0.493400000000000
10.196099999999999 -0.493400000000000
10.196099999999999 -0.390400000000000

10.192600000000001 -0.488000000000000
9.981700000000000 -0.488000000000000
9.981700000000000 -0.592000000000000
10.192600000000001 -0.592000000000000
10.192600000000001 -0.488000000000000

10.188300000000000 -0.585600000000000
9.975300000000001 -0.585600000000000
9.975300000000001 -0.690600000000000
10.188300000000000 -0.690600000000000
10.188300000000000 -0.585600000000000

10.182900000000000 -0.683200000000000
9.967900000000000 -0.683200000000000
9.967900000000000 -0.789200000000000
10.182900000000000 -0.789200000000000
10.182900000000000 -0.683200000000000

10.176600000000001 -0.780800000000000
9.959500000000000 -0.780800000000000
9.959500000000000 -0.887800000000000
10.176600000000001 -0.887800000000000
10.176600000000001 -0.780800000000000

10.169200000000000 -0.878400000000000
9.950100000000001 -0.878400000000000
9.950100000000001 -0.986400000000000
10.169200000000000 -0.986400000000000
10.169200000000000 -0.878400000000000

10.160900000000000 -0.976000000000000
9.939700000000000 -0.976000000000000
9.939700000000000 -1.085000000000000
10.160900000000000 -1.085000000000000
10.160900000000000 -0.976000000000000

10.151700000000000 -1.073600000000000
9.928400000000000 -1.073600000000000
9.928400000000000 -1.183600000000000
10.151700000000000 -1.183600000000000
10.151700000000000 -1.073600000000000

10.141400000000001 -1.171200000000000
9.916100000000000 -1.171200000000000
9.916100000000000 -1.282200000000000
10.141400000000001 -1.282200000000000
10.141400000000001 -1.171200000000000

10.130200000000000 -1.268900000000000
9.902799999999999 -1.268900000000000
9.902799999999999 -1.380800000000000
10.130200000000000 -1.380800000000000
10.130200000000000 -1.268900000000000

10.118000000000000 -1.366500000000000
9.888500000000001 -1.366500000000000
9.888500000000001 -1.479300000000000
10.118000000000000 -1.479300000000000
10.118000000000000 -1.366500000000000

10.104799999999999 -1.464100000000000
9.873200000000001 -1.464100000000000
9.873200000000001 -1.577900000000000
10.104799999999999 -1.577900000000000
10.104799999999999 -1.464100000000000

10.090700000000000 -1.561700000000000
9.856900000000000 -1.561700000000000
9.856900000000000 -1.676500000000000
10.090700000000000 -1.676500000000000
10.090700000000000 -1.561700000000000

10.075600000000000 -1.659300000000000
9.839600000000001 -1.659300000000000
9.839600000000001 -1.775100000000000
10.075600000000000 -1.775100000000000
10.075600000000000 -1.659300000000000

10.059500000000000 -1.756900000000000
9.821400000000001 -1.756900000000000
9.821400000000001 -1.873700000000000
10.059500000000000 -1.873700000000000
10.059500000000000 -1.756900000000000

10.042400000000001 -1.854500000000000
9.802199999999999 -1.854500000000000
9.802199999999999 -1.972300000000000
10.042400000000001 -1.972300000000000
10.042400000000001 -1.854500000000000

10.024300000000000 -1.952100000000000
9.782000000000000 -1.952100000000000
9.782000000000000 -2.070900000000000
10.024300000000000 -2.070900000000000
10.024300000000000 -1.952100000000000

10.005300000000000 -2.049700000000000
9.760800000000000 -2.049700000000000
9.760800000000000 -2.169500000000000
10.005300000000000 -2.169500000000000
10.005300000000000 -2.049700000000000

9.985300000000001 -2.147300000000000
9.738600000000000 -2.147300000000000
9.738600000000000 -2.268100000000000
9.985300000000001 -2.268100000000000
9.985300000000001 -2.147300000000000

9.964300000000000 -2.244900000000000
9.715400000000001 -2.244900000000000
9.715400000000001 -2.366700000000000
9.964300000000000 -2.366700000000000
9.964300000000000 -2.244900000000000

9.942399999999999 -2.342500000000000
9.691200000000000 -2.342500000000000
9.691200000000000 -2.465300000000000
9.942399999999999 -2.465300000000000
9.942399999999999 -2.342500000000000

9.919400000000000 -2.440100000000000
9.666100000000000 -2.440100000000000
9.666100000000000 -2.563900000000000
9.919400000000000 -2.563900000000000
9.919400000000000 -2.440100000000000

9.895500000000000 -2.537800000000000
9.640000000000001 -2.537800000000000
9.640000000000001 -2.662400000000000
9.895500000000000 -2.662400000000000
9.895500000000000 -2.537800000000000

9.870600000000000 -2.635400000000000
9.612800000000000 -2.635400000000000
9.612800000000000 -2.761000000000000
9.870600000000000 -2.761000000000000
9.870600000000000 -2.635400000000000

9.844799999999999 -2.733000000000000
9.584700000000000 -2.733000000000000
9.584700000000000 -2.859600000000000
9.844799999999999 -2.859600000000000
9.844799999999999 -2.733000000000000

9.817900000000000 -2.830600000000000
9.555600000000000 -2.830600000000000
9.555600000000000 -2.958200000000000
9.817900000000000 -2.958200000000000
9.817900000000000 -2.830600000000000

9.790100000000001 -2.928200000000000
9.525600000000001 -2.928200000000000
9.525600000000001 -3.056800000000000
9.790100000000001 -3.056800000000000
9.790100000000001 -2.928200000000000

9.761300000000000 -3.025800000000000
9.494500000000000 -3.025800000000000
9.494500000000000 -3.155400000000000
9.761300000000000 -3.155400000000000
9.761300000000000 -3.025800000000000

9.731600000000000 -3.123400000000000
9.462500000000000 -3.123400000000000
9.462500000000000 -3.254000000000000
9.731600000000000 -3.254000000000000
9.731600000000000 -3.123400000000000

9.700799999999999 -3.221000000000000
9.429399999999999 -3.221000000000000
9.429399999999999 -3.352600000000000
9.700799999999999 -3.352600000000000
9.700799999999999 -3.221000000000000

9.669100000000000 -3.318600000000000
9.395400000000000 -3.318600000000000
9.395400000000000 -3.451200000000000
9.669100000000000 -3.451200000000000
9.669100000000000 -3.318600000000000

9.636400000000000 -3.416200000000000
9.360400000000000 -3.416200000000000
9.360400000000000 -3.549800000000000
9.636400000000000 -3.549800000000000
9.636400000000000 -3.416200000000000

9.602700000000000 -3.513800000000000
9.324400000000001 -3.513800000000000
9.324400000000001 -3.648400000000000
9.602700000000000 -3.648400000000000
9.602700000000000 -3.513800000000000

9.568099999999999 -3.611400000000000
9.287400000000000 -3.611400000000000
9.287400000000000 -3.747000000000000
9.568099999999999 -3.747000000000000
9.568099999999999 -3.611400000000000

9.532500000000001 -3.709000000000000
9.249499999999999 -3.709000000000000
9.249499999999999 -3.845600000000000
9.532500000000001 -3.845600000000000
9.532500000000001 -3.709000000000000

9.495900000000001 -3.806700000000000
9.210500000000000 -3.806700000000000
9.210500000000000 -3.944100000000000
9.495900000000001 -3.944100000000000
9.495900000000001 -3.806700000000000

9.458299999999999 -3.904300000000000
9.170600000000000 -3.904300000000000
9.170600000000000 -4.042700000000000
9.458299999999999 -4.042700000000000
9.458299999999999 -3.904300000000000

9.419700000000001 -4.001900000000000
9.129700000000000 -4.001900000000000
9.129700000000000 -4.141300000000000
9.419700000000001 -4.141300000000000
9.419700000000001 -4.001900000000000

9.380200000000000 -4.099500000000000
9.087800000000000 -4.099500000000000
9.087800000000000 -4.239900000000000
9.380200000000000 -4.239900000000000
9.380200000000000 -4.099500000000000

9.339700000000001 -4.197100000000000
9.044900000000000 -4.197100000000000
9.044900000000000 -4.338500000000000
9.339700000000001 -4.338500000000000
9.339700000000001 -4.197100000000000

9.298200000000000 -4.294700000000000
9.000999999999999 -4.294700000000000
9.000999999999999 -4.437100000000000
9.298200000000000 -4.437100000000000
9.298200000000000 -4.294700000000000

9.255800000000001 -4.392300000000000
8.956099999999999 -4.392300000000000
8.956099999999999 -4.535700000000000
9.255800000000001 -4.535700000000000
9.255800000000001 -4.392300000000000

9.212300000000001 -4.489900000000000
8.910299999999999 -4.489900000000000
8.910299999999999 -4.634300000000000
9.212300000000001 -4.634300000000000
9.212300000000001 -4.489900000000000

9.167899999999999 -4.587500000000000
8.863500000000000 -4.587500000000000
8.863500000000000 -4.732900000000000
9.167899999999999 -4.732900000000000
9.167899999999999 -4.587500000000000

9.122600000000000 -4.685100000000000
8.815600000000000 -4.685100000000000
8.815600000000000 -4.831500000000000
9.122600000000000 -4.831500000000000
9.122600000000000 -4.685100000000000

9.076200000000000 -4.782700000000000
8.766800000000000 -4.782700000000000
8.766800000000000 -4.930100000000000
9.076200000000000 -4.930100000000000
9.076200000000000 -4.782700000000000

9.028900000000000 -4.880300000000000
8.717000000000001 -4.880300000000000
8.717000000000001 -5.028700000000000
9.028900000000000 -5.028700000000000
9.028900000000000 -4.880300000000000

8.980499999999999 -4.978000000000000
8.666300000000000 -4.978000000000000
8.666300000000000 -5.127300000000000
8.980499999999999 -5.127300000000000
8.980499999999999 -4.978000000000000

8.931300000000000 -5.075600000000000
8.614500000000000 -5.075600000000000
8.614500000000000 -5.225800000000000
8.931300000000000 -5.225800000000000
8.931300000000000 -5.075600000000000

8.881000000000000 -5.173200000000000
8.561700000000000 -5.173200000000000
8.561700000000000 -5.324400000000000
8.881000000000000 -5.324400000000000
8.881000000000000 -5.173200000000000

8.829800000000001 -5.270800000000000
8.507999999999999 -5.270800000000000
8.507999999999999 -5.423000000000000
8.829800000000001 -5.423000000000000
8.829800000000001 -5.270800000000000

8.777500000000000 -5.368400000000000
8.453300000000000 -5.368400000000000
8.453300000000000 -5.521600000000000
8.777500000000000 -5.521600000000000
8.777500000000000 -5.368400000000000

8.724299999999999 -5.466000000000000
8.397600000000001 -5.466000000000000
8.397600000000001 -5.620200000000000
8.724299999999999 -5.620200000000000
8.724299999999999 -5.466000000000000

8.670199999999999 -5.563600000000000
8.340900000000000 -5.563600000000000
8.340900000000000 -5.718800000000000
8.670199999999999 -5.718800000000000
8.670199999999999 -5.563600000000000

8.615000000000000 -5.661200000000000
8.283200000000001 -5.661200000000000
8.283200000000001 -5.817400000000000
8.615000000000000 -5.817400000000000
8.615000000000000 -5.661200000000000

8.558900000000000 -5.758800000000000
8.224500000000001 -5.758800000000000
8.224500000000001 -5.916000000000000
8.558900000000000 -5.916000000000000
8.558900000000000 -5.758800000000000

8.501799999999999 -5.856400000000000
8.164899999999999 -5.856400000000000
8.164899999999999 -6.014600000000000
8.501799999999999 -6.014600000000000
8.501799999999999 -5.856400000000000

8.443700000000000 -5.954000000000000
8.104200000000001 -5.954000000000000
8.104200000000001 -6.113200000000000
8.443700000000000 -6.113200000000000
8.443700000000000 -5.954000000000000

8.384700000000000 -6.051600000000000
8.042600000000000 -6.051600000000000
8.042600000000000 -6.211800000000000
8.384700000000000 -6.211800000000000
8.384700000000000 -6.051600000000000

8.324700000000000 -6.149200000000000
7.980000000000000 -6.149200000000000
7.980000000000000 -6.310400000000000
8.324700000000000 -6.310400000000000
8.324700000000000 -6.149200000000000

8.263700000000000 -6.246900000000000
7.916400000000000 -6.246900000000000
7.916400000000000 -6.409000000000000
8.263700000000000 -6.409000000000000
8.263700000000000 -6.246900000000000

8.201700000000001 -6.344500000000000
7.851800000000000 -6.344500000000000
7.851800000000000 -6.507500000000000
8.201700000000001 -6.507500000000000
8.201700000000001 -6.344500000000000

8.138700000000000 -6.442100000000000
7.786300000000000 -6.442100000000000
7.786300000000000 -6.606100000000000
8.138700000000000 -6.606100000000000
8.138700000000000 -6.442100000000000

8.074800000000000 -6.539700000000000
7.719700000000000 -6.539700000000000
7.719700000000000 -6.704700000000000
8.074800000000000 -6.704700000000000
8.074800000000000 -6.539700000000000

8.009900000000000 -6.637300000000000
7.652200000000000 -6.637300000000000
7.652200000000000 -6.803300000000000
8.009900000000000 -6.803300000000000
8.009900000000000 -6.637300000000000

7.944000000000000 -6.734900000000000
7.583600000000000 -6.734900000000000
7.583600000000000 -6.901900000000000
7.944000000000000 -6.901900000000000
7.944000000000000 -6.734900000000000

7.877200000000000 -6.832500000000000
7.514100000000000 -6.832500000000000
7.514100000000000 -7.000500000000000
7.877200000000000 -7.000500000000000
7.877200000000000 -6.832500000000000

7.809300000000000 -6.930100000000000
7.443600000000000 -6.930100000000000
7.443600000000000 -7.099100000000000
7.809300000000000 -7.099100000000000
7.809300000000000 -6.930100000000000

7.740500000000000 -7.027700000000000
7.372100000000000 -7.027700000000000
7.372100000000000 -7.197700000000000
7.740500000000000 -7.197700000000000
7.740500000000000 -7.027700000000000

7.670700000000000 -7.125300000000000
7.299700000000000 -7.125300000000000
7.299700000000000 -7.296300000000000
7.670700000000000 -7.296300000000000
7.670700000000000 -7.125300000000000

7.600000000000000 -7.222900000000000
7.226200000000000 -7.222900000000000
7.226200000000000 -7.394900000000000
7.600000000000000 -7.394900000000000
7.600000000000000 -7.222900000000000

7.528200000000000 -7.320500000000000
7.151800000000000 -7.320500000000000
7.151800000000000 -7.493500000000000
7.528200000000000 -7.493500000000000
7.528200000000000 -7.320500000000000

7.455500000000000 -7.418100000000000
7.076300000000000 -7.418100000000000
7.076300000000000 -7.592100000000000
7.455500000000000 -7.592100000000000
7.455500000000000 -7.418100000000000

7.381800000000000 -7.515800000000000
6.999900000000000 -7.515800000000000
6.999900000000000 -7.690600000000000
7.381800000000000 -7.690600000000000
7.381800000000000 -7.515800000000000

7.307200000000000 -7.613400000000000
6.922500000000000 -7.613400000000000
6.922500000000000 -7.789200000000000
7.307200000000000 -7.789200000000000
7.307200000000000 -7.613400000000000

7.231500000000000 -7.711000000000000
6.844200000000000 -7.711000000000000
6.844200000000000 -7.887800000000000
7.231500000000000 -7.887800000000000
7.231500000000000 -7.711000000000000

7.154900000000000 -7.808600000000000
6.764800000000000 -7.808600000000000
6.764800000000000 -7.986400000000000
7.154900000000000 -7.986400000000000
7.154900000000000 -7.808600000000000

7.077300000000000 -7.906200000000000
6.684400000000000 -7.906200000000000
6.684400000000000 -8.085000000000001
7.077300000000000 -8.085000000000001
7.077300000000000 -7.906200000000000

6.998700000000000 -8.003800000000000
6.603100000000000 -8.003800000000000
6.603100000000000 -8.183600000000000
6.998700000000000 -8.183600000000000
6.998700000000000 -8.003800000000000

6.919200000000000 -8.101400000000000
6.520800000000000 -8.101400000000000
6.520800000000000 -8.282200000000000
6.919200000000000 -8.282200000000000
6.919200000000000 -8.101400000000000

6.838700000000000 -8.199000000000000
6.437400000000000 -8.199000000000000
6.437400000000000 -8.380800000000001
6.838700000000000 -8.380800000000001
6.838700000000000 -8.199000000000000

6.757200000000000 -8.296600000000000
6.353100000000000 -8.296600000000000
6.353100000000000 -8.479400000000000
6.757200000000000 -8.479400000000000
6.757200000000000 -8.296600000000000

6.674700000000000 -8.394200000000000
6.267900000000000 -8.394200000000000
6.267900000000000 -8.577999999999999
6.674700000000000 -8.577999999999999
6.674700000000000 -8.394200000000000

6.591300000000000 -8.491800000000000
6.181600000000000 -8.491800000000000
6.181600000000000 -8.676600000000001
6.591300000000000 -8.676600000000001
6.591300000000000 -8.491800000000000

6.506800000000000 -8.589399999999999
6.094300000000000 -8.589399999999999
6.094300000000000 -8.775200000000000
6.506800000000000 -8.775200000000000
6.506800000000000 -8.589399999999999

6.421400000000000 -8.686999999999999
6.006100000000000 -8.686999999999999
6.006100000000000 -8.873799999999999
6.421400000000000 -8.873799999999999
6.421400000000000 -8.686999999999999

6.335000000000000 -8.784700000000001
5.916800000000000 -8.784700000000001
5.916800000000000 -8.972300000000001
6.335000000000000 -8.972300000000001
6.335000000000000 -8.784700000000001

6.247700000000000 -8.882300000000001
5.826600000000000 -8.882300000000001
5.826600000000000 -9.070900000000000
6.247700000000000 -9.070900000000000
6.247700000000000 -8.882300000000001

6.159400000000000 -8.979900000000001
5.735400000000000 -8.979900000000001
5.735400000000000 -9.169499999999999
6.159400000000000 -9.169499999999999
6.159400000000000 -8.979900000000001

6.070100000000000 -9.077500000000001
5.643200000000000 -9.077500000000001
5.643200000000000 -9.268100000000000
6.070100000000000 -9.268100000000000
6.070100000000000 -9.077500000000001

5.979800000000000 -9.175100000000000
5.550100000000000 -9.175100000000000
5.550100000000000 -9.366700000000000
5.979800000000000 -9.366700000000000
5.979800000000000 -9.175100000000000

5.888500000000000 -9.272700000000000
5.455900000000000 -9.272700000000000
5.455900000000000 -9.465299999999999
5.888500000000000 -9.465299999999999
5.888500000000000 -9.272700000000000

5.796300000000000 -9.370300000000000
5.360800000000000 -9.370300000000000
5.360800000000000 -9.563900000000000
5.796300000000000 -9.563900000000000
5.796300000000000 -9.370300000000000

5.703100000000000 -9.467900000000000
5.264600000000000 -9.467900000000000
5.264600000000000 -9.662500000000000
5.703100000000000 -9.662500000000000
5.703100000000000 -9.467900000000000

5.608900000000000 -9.565500000000000
5.167500000000000 -9.565500000000000
5.167500000000000 -9.761100000000001
5.608900000000000 -9.761100000000001
5.608900000000000 -9.565500000000000

5.513700000000000 -9.663100000000000
5.069400000000000 -9.663100000000000
5.069400000000000 -9.859700000000000
5.513700000000000 -9.859700000000000
5.513700000000000 -9.663100000000000

